<?xml version="1.0" encoding="UTF-8"?>
<!-- Generated by org.testng.reporters.JUnitReportReporter -->
<testsuite name="cn.edu.demo.demo1.AppTest" tests="1" time="0.047" ignored="0" failures="0" timestamp="11 十月 2017 13:13:49 GMT" skipped="0" hostname="DESKTOP-BLE35T8" errors="0">
  <testcase name="testApp" time="0.047" classname="cn.edu.demo.demo1.AppTest"/>
</testsuite> <!-- cn.edu.demo.demo1.AppTest -->
